<?xml version="1.0" encoding="UTF-8"?>
<!-- Generated by org.testng.reporters.JUnitReportReporter -->
<testsuite hostname="Мария-ПК" name="com.example.tests.AlsoCreateNewGroupTest" tests="1" failures="0" timestamp="15 Oct 2014 18:43:59 GMT" time="1.549" errors="0">
  <testcase name="testEmptyGroupCreation" time="1.549" classname="com.example.tests.AlsoCreateNewGroupTest"/>
</testsuite> <!-- com.example.tests.AlsoCreateNewGroupTest -->
