<?xml version="1.0" encoding="UTF-8"?>
<!-- Generated by org.testng.reporters.JUnitReportReporter -->
<testsuite hostname="Мария-ПК" name="com.example.tests.CreateNewGroupTest" tests="1" failures="0" timestamp="15 Oct 2014 18:43:59 GMT" time="4.300" errors="0">
  <testcase name="testNonEmptyGroupCreation" time="4.300" classname="com.example.tests.CreateNewGroupTest"/>
</testsuite> <!-- com.example.tests.CreateNewGroupTest -->
